number,value,datetime_start,datetime_complete,duration,params_k1,params_k2,state
0,3.037969550894587,2026-02-27 12:28:09.584982,2026-02-27 12:42:28.709248,0 days 00:14:19.124266,-10.453307037746855,6.889904398621113,COMPLETE
1,1071.4696192077881,2026-02-27 12:42:28.709487,2026-02-27 12:56:47.075388,0 days 00:14:18.365901,-15.631788421488718,10.909952522610258,COMPLETE
2,144.99987014521807,2026-02-27 12:56:47.075691,2026-02-27 13:10:59.782529,0 days 00:14:12.706838,-12.28098184404487,5.1311606935924345,COMPLETE
3,5.990580391192462e+17,2026-02-27 13:10:59.782821,2026-02-27 13:25:17.996754,0 days 00:14:18.213933,16.546441915447375,12.534830396055163,COMPLETE
4,0.9487237302037179,2026-02-27 13:25:17.997056,2026-02-27 13:39:29.985144,0 days 00:14:11.988088,-12.408681151860193,3.1646172151116367,COMPLETE
5,0.5506401623253232,2026-02-27 13:39:29.985367,2026-02-27 13:53:49.795517,0 days 00:14:19.810150,-3.7036744025120285,9.695252372902065,COMPLETE
6,30.767798762970806,2026-02-27 13:53:49.795734,2026-02-27 14:08:05.145974,0 days 00:14:15.350240,-13.564453921779055,-13.608364941764775,COMPLETE
7,13.482314519277619,2026-02-27 14:08:05.146265,2026-02-27 14:22:18.771435,0 days 00:14:13.625170,-2.914597235091989,-1.5019022265952309,COMPLETE
8,16664.79442956169,2026-02-27 14:22:18.771742,2026-02-27 14:36:42.032886,0 days 00:14:23.261144,-13.06541710659138,-16.504912403976352,COMPLETE
9,26.716621541604322,2026-02-27 14:36:42.033176,2026-02-27 14:51:03.978914,0 days 00:14:21.945738,1.3672014795838194,-4.741435378265294,COMPLETE
10,4.523399580214961,2026-02-27 14:51:03.979206,2026-02-27 15:05:26.363738,0 days 00:14:22.384532,8.972985333166624,19.16540635942763,COMPLETE
11,154.80468267335462,2026-02-27 15:05:26.364032,2026-02-27 15:19:47.655349,0 days 00:14:21.291317,-3.447264756266902,-7.841356758633619,COMPLETE
12,0.7751701057934584,2026-02-27 15:19:47.655651,2026-02-27 15:33:59.420680,0 days 00:14:11.765029,-5.903752813645301,2.1130667164259624,COMPLETE
13,1.4207350215418968,2026-02-27 15:33:59.420972,2026-02-27 15:48:17.409381,0 days 00:14:17.988409,3.465000268750325,17.83894079973333,COMPLETE
14,0.826004429068611,2026-02-27 15:48:17.409683,2026-02-27 16:02:38.939769,0 days 00:14:21.530086,-6.43670707189008,11.270334768318193,COMPLETE
15,31.209255856674538,2026-02-27 16:02:38.940074,2026-02-27 16:16:54.305766,0 days 00:14:15.365692,-19.61525403433875,-0.9675339059490545,COMPLETE
16,42.011822756926044,2026-02-27 16:16:54.306065,2026-02-27 16:31:11.994837,0 days 00:14:17.688772,6.904876639978413,-10.683628976984817,COMPLETE
17,1.155759421116736,2026-02-27 16:31:11.995137,2026-02-27 16:45:29.852018,0 days 00:14:17.856881,-7.307660084093258,2.123842039377089,COMPLETE
18,1.8569556803074632,2026-02-27 16:45:29.852310,2026-02-27 16:59:37.212820,0 days 00:14:07.360510,10.782246998229187,7.851490104170125,COMPLETE
19,1.1078534404097642,2026-02-27 16:59:37.213139,2026-02-27 17:13:41.455500,0 days 00:14:04.242361,-1.6042824470941834,14.858095942081668,COMPLETE
20,21.056525332587476,2026-02-27 17:13:41.455799,2026-02-27 17:27:45.837543,0 days 00:14:04.381744,-7.045546258405904,-6.314754855988198,COMPLETE
21,2.212501306732343,2026-02-27 17:27:45.837832,2026-02-27 17:41:48.422298,0 days 00:14:02.584466,-5.8188211941935215,9.88232899112343,COMPLETE
22,1.124188186202776,2026-02-27 17:41:48.422601,2026-02-27 17:55:48.010335,0 days 00:13:59.587734,0.6896798392410552,14.919908103562886,COMPLETE
23,0.6564930013198866,2026-02-27 17:55:48.010642,2026-02-27 18:09:42.948990,0 days 00:13:54.938348,-7.9967852468291944,4.7525895331321255,COMPLETE
24,2106.789262523416,2026-02-27 18:09:42.949279,2026-02-27 18:23:39.386985,0 days 00:13:56.437706,-9.369182843371217,1.5777594701862463,COMPLETE
25,1.1934300670510627,2026-02-27 18:23:39.387279,2026-02-27 18:37:40.718056,0 days 00:14:01.330777,4.8699270791760005,-3.0748893386128784,COMPLETE
26,0.8390674899320305,2026-02-27 18:37:40.718355,2026-02-27 18:51:37.537913,0 days 00:13:56.819558,-18.3225228282654,6.3474593519800635,COMPLETE
27,0.8225614332769624,2026-02-27 18:51:37.538204,2026-02-27 19:05:33.634894,0 days 00:13:56.096690,-4.060262641702705,4.736288721462204,COMPLETE
28,0.853994115175306,2026-02-27 19:05:33.635188,2026-02-27 19:19:33.272616,0 days 00:13:59.637428,-8.524562896336414,8.50753533080768,COMPLETE
29,1.411897506783196e+18,2026-02-27 19:19:33.272912,2026-02-27 19:33:35.245893,0 days 00:14:01.972981,-0.2010751459232507,0.9962944076673139,COMPLETE
30,9.379422941391104,2026-02-27 19:33:35.246190,2026-02-27 19:47:36.097896,0 days 00:14:00.851706,-16.570015824368564,14.333855261846756,COMPLETE
31,0.4207843490854394,2026-02-27 19:47:36.098191,2026-02-27 20:01:38.863417,0 days 00:14:02.765226,-3.985361005855794,4.724085407073936,COMPLETE
32,0.6072132503463252,2026-02-27 20:01:38.863651,2026-02-27 20:15:38.156401,0 days 00:13:59.292750,-4.884203900740851,3.707868428907951,COMPLETE
33,1.5043041752786428,2026-02-27 20:15:38.156705,2026-02-27 20:29:38.510976,0 days 00:14:00.354271,-10.591347213480724,5.1149691681298055,COMPLETE
34,0.6610580250740127,2026-02-27 20:29:38.511277,2026-02-27 20:43:38.485325,0 days 00:13:59.974048,-1.43466504329776,7.907302988114134,COMPLETE
35,1.2311527245429248,2026-02-27 20:43:38.485626,2026-02-27 20:57:36.104059,0 days 00:13:57.618433,2.1410378009926583,4.130482608981351,COMPLETE
36,232.94927584151037,2026-02-27 20:57:36.104353,2026-02-27 21:11:35.482930,0 days 00:13:59.378577,-9.572600189891276,10.577218169292864,COMPLETE
37,0.5321530420703495,2026-02-27 21:11:35.483221,2026-02-27 21:25:33.365330,0 days 00:13:57.882109,-4.182853056514848,12.76338325633008,COMPLETE
38,0.4716706052405346,2026-02-27 21:25:33.365627,2026-02-27 21:39:32.539903,0 days 00:13:59.174276,-3.8170908738611087,12.502919673125666,COMPLETE
39,47.51070113532416,2026-02-27 21:39:32.540199,2026-02-27 21:53:34.486367,0 days 00:14:01.946168,18.701010932429657,17.67721818187568,COMPLETE
40,0.4110662117944334,2026-02-27 21:53:34.486670,2026-02-27 22:07:34.575149,0 days 00:14:00.088479,-2.2138964118683737,12.095965248360466,COMPLETE
41,0.7725314928653761,2026-02-27 22:07:34.575370,2026-02-27 22:21:34.889184,0 days 00:14:00.313814,-1.5332326619298602,12.833474967721795,COMPLETE
42,1.2752449476243708,2026-02-27 22:21:34.889481,2026-02-27 22:35:36.163471,0 days 00:14:01.273990,-2.7594347928682024,13.142205721161467,COMPLETE
43,0.9354219455067145,2026-02-27 22:35:36.163773,2026-02-27 22:49:38.449026,0 days 00:14:02.285253,-11.563048549245277,15.918206910807251,COMPLETE
44,1.0107746848992631,2026-02-27 22:49:38.449316,2026-02-27 23:03:38.927746,0 days 00:14:00.478430,2.6864271367430432,9.689148787309236,COMPLETE
45,0.6414262430783448,2026-02-27 23:03:38.928042,2026-02-27 23:17:37.673214,0 days 00:13:58.745172,-4.340963661429767,12.099774621272353,COMPLETE
46,3.2529858115725006,2026-02-27 23:17:37.673523,2026-02-27 23:31:34.518871,0 days 00:13:56.845348,-14.1411201584339,17.06157898017111,COMPLETE
47,119486.1502668639,2026-02-27 23:31:34.519167,2026-02-27 23:45:34.385300,0 days 00:13:59.866133,0.029838644050036667,6.912347170385122,COMPLETE
48,2.503793498630902,2026-02-27 23:45:34.385616,2026-02-27 23:59:33.954781,0 days 00:13:59.569165,4.286251018232795,19.07276451434893,COMPLETE
49,1.081001073117437,2026-02-27 23:59:33.955077,2026-02-28 00:13:31.469478,0 days 00:13:57.514401,-2.565898064143826,9.768780958537652,COMPLETE
50,34.16182797646675,2026-02-28 00:13:31.469775,2026-02-28 00:27:32.903504,0 days 00:14:01.433729,12.671625093857447,-18.251236758418116,COMPLETE
51,1.5671251369485384,2026-02-28 00:27:32.903802,2026-02-28 00:41:33.894489,0 days 00:14:00.990687,-4.9893254827479305,6.54269629643963,COMPLETE
52,0.8231553740765635,2026-02-28 00:41:33.894786,2026-02-28 00:55:34.665812,0 days 00:14:00.771026,-5.1588999724421045,11.269531810344674,COMPLETE
53,2.1877878929721976e+18,2026-02-28 00:55:34.666110,2026-02-28 01:09:29.974764,0 days 00:13:55.308654,-3.4510836273132544,2.7701886486146474,COMPLETE
54,4.81618716142534,2026-02-28 01:09:29.975061,2026-02-28 01:23:29.126564,0 days 00:13:59.151503,-0.5791454180822924,-0.31671896381009734,COMPLETE
55,0.728526926314866,2026-02-28 01:23:29.126859,2026-02-28 01:37:27.804078,0 days 00:13:58.677219,-6.185134742148838,13.604814954683887,COMPLETE
56,1.013232122110562,2026-02-28 01:37:27.804375,2026-02-28 01:51:27.032114,0 days 00:13:59.227739,-7.381295191426871,8.809352717586243,COMPLETE
57,0.9762833975163849,2026-02-28 01:51:27.032412,2026-02-28 02:05:26.163619,0 days 00:13:59.131207,1.4210812209162658,11.970039873557631,COMPLETE
58,42.086276546248634,2026-02-28 02:05:26.163918,2026-02-28 02:19:24.460394,0 days 00:13:58.296476,5.897550842078367,16.37849281761327,COMPLETE
59,24.163389334655367,2026-02-28 02:19:24.460701,2026-02-28 02:33:23.089348,0 days 00:13:58.628647,-2.703257143847698,-3.077397474722489,COMPLETE
60,1576011604.0717905,2026-02-28 02:33:23.089665,2026-02-28 02:47:18.994826,0 days 00:13:55.905161,-4.790785739572149,3.285646966416051,COMPLETE
61,1.007198230209701,2026-02-28 02:47:18.995127,2026-02-28 03:01:18.056641,0 days 00:13:59.061514,-3.9481913484469513,15.457882845902553,COMPLETE
62,0.6906355853950308,2026-02-28 03:01:18.056937,2026-02-28 03:15:16.797062,0 days 00:13:58.740125,-1.6654695812180726,11.574592518096361,COMPLETE
63,2.6063051226664387,2026-02-28 03:15:16.797364,2026-02-28 03:29:11.544420,0 days 00:13:54.747056,-8.63213235468402,5.966206910299278,COMPLETE
64,0.936985058123768,2026-02-28 03:29:11.544729,2026-02-28 03:43:09.359005,0 days 00:13:57.814276,-5.937566703620623,13.909464986158635,COMPLETE
65,0.7725828634128362,2026-02-28 03:43:09.359303,2026-02-28 03:57:07.108253,0 days 00:13:57.748950,-4.154371938702053,8.959993933700602,COMPLETE
66,0.6502149751704244,2026-02-28 03:57:07.108565,2026-02-28 04:11:06.747931,0 days 00:13:59.639366,-7.225989514051758,12.290586132943435,COMPLETE
67,194870.2316987115,2026-02-28 04:11:06.748228,2026-02-28 04:25:06.202082,0 days 00:13:59.453854,-0.6154383437707245,10.455864568588003,COMPLETE
68,0.7065625873740156,2026-02-28 04:25:06.202381,2026-02-28 04:39:05.467098,0 days 00:13:59.264717,-1.9704582876426866,7.577426351307406,COMPLETE
69,1.5979171182285363e+19,2026-02-28 04:39:05.467398,2026-02-28 04:53:03.060235,0 days 00:13:57.592837,0.8522397521018008,14.637750335374447,COMPLETE
70,1.6487639816895134,2026-02-28 04:53:03.060551,2026-02-28 05:07:00.644911,0 days 00:13:57.584360,-5.286646994797427,19.93447980389385,COMPLETE
71,1.0480292314168524,2026-02-28 05:07:00.645206,2026-02-28 05:20:58.664546,0 days 00:13:58.019340,-8.055040887643365,13.014987405555296,COMPLETE
72,1.3335221140025855,2026-02-28 05:20:58.664850,2026-02-28 05:34:58.805605,0 days 00:14:00.140755,-6.97534385206813,12.065234623614675,COMPLETE
73,8.364450810998097,2026-02-28 05:34:58.805900,2026-02-28 05:48:52.995048,0 days 00:13:54.189148,-10.423259057468002,11.05555939583244,COMPLETE
74,0.958287848060958,2026-02-28 05:48:52.995346,2026-02-28 06:02:49.406599,0 days 00:13:56.411253,-3.615008936112649,5.752368211407314,COMPLETE
75,0.7005962774676217,2026-02-28 06:02:49.406898,2026-02-28 06:16:50.697347,0 days 00:14:01.290449,-6.737718606730114,9.55154880842792,COMPLETE
76,9.076454152746217,2026-02-28 06:16:50.697654,2026-02-28 06:30:49.714931,0 days 00:13:59.017277,-9.383562352701775,0.42333670183397054,COMPLETE
77,3.946778149277205,2026-02-28 06:30:49.715233,2026-02-28 06:44:46.832292,0 days 00:13:57.117059,-12.14243230406592,7.506383397985719,COMPLETE
78,37.8269754173378,2026-02-28 06:44:46.832600,2026-02-28 06:58:45.398757,0 days 00:13:58.566157,-2.75642704720982,-9.321746787032307,COMPLETE
79,1.46774521706015,2026-02-28 06:58:45.399061,2026-02-28 07:12:44.206561,0 days 00:13:58.807500,-0.8237018145549397,3.6898234007722044,COMPLETE
80,4941236553220275.0,2026-02-28 07:12:44.206867,2026-02-28 07:26:45.141238,0 days 00:14:00.934371,-4.265834911507115,12.490567323233709,COMPLETE
81,1387648792.578681,2026-02-28 07:26:45.141551,2026-02-28 07:40:40.147067,0 days 00:13:55.005516,-8.006762683764238,1.2788894652764298,COMPLETE
82,1.555503203097198,2026-02-28 07:40:40.147372,2026-02-28 07:54:40.273422,0 days 00:14:00.126050,-6.061437161393663,4.9461580840308805,COMPLETE
83,395496547982891.0,2026-02-28 07:54:40.273734,2026-02-28 08:08:36.422788,0 days 00:13:56.149054,-10.812706334279333,-1.843199014365668,COMPLETE
84,31.61710085704579,2026-02-28 08:08:36.423091,2026-02-28 08:22:47.804490,0 days 00:14:11.381399,-5.10248883934297,-14.171157265278032,COMPLETE
85,5.858327007220544e+17,2026-02-28 08:22:47.804793,2026-02-28 08:36:53.837739,0 days 00:14:06.032946,-7.347151470421908,2.5263162874310106,COMPLETE
86,0.7798986531302061,2026-02-28 08:36:53.838050,2026-02-28 08:51:00.559569,0 days 00:14:06.721519,-8.754190069181533,10.602870982048938,COMPLETE
87,1.2573204924577701,2026-02-28 08:51:00.559878,2026-02-28 09:05:07.970965,0 days 00:14:07.411087,-13.278768510068147,13.650268127428612,COMPLETE
88,0.7676551813537649,2026-02-28 09:05:07.971273,2026-02-28 09:19:14.821809,0 days 00:14:06.850536,-3.3570989195865906,4.374230202783707,COMPLETE
89,13.312870850179927,2026-02-28 09:19:14.822124,2026-02-28 09:33:26.260015,0 days 00:14:11.437891,-1.9553668157884294,8.603915270947384,COMPLETE
90,2.3272880743386524,2026-02-28 09:33:26.260326,2026-02-28 09:47:36.998162,0 days 00:14:10.737836,-4.535817865486778,16.531553980718208,COMPLETE
91,1.4135307191366813,2026-02-28 09:47:36.998480,2026-02-28 10:01:42.493179,0 days 00:14:05.494699,-1.2045502670953825,7.957351521986413,COMPLETE
92,1.0901047765718288,2026-02-28 10:01:42.493497,2026-02-28 10:15:53.406752,0 days 00:14:10.913255,0.5357165311687369,7.05092002571933,COMPLETE
93,0.8248650822230865,2026-02-28 10:15:53.407060,2026-02-28 10:30:03.914784,0 days 00:14:10.507724,-2.394118804101163,15.325950088485543,COMPLETE
94,1530.2038857832363,2026-02-28 10:30:03.915090,2026-02-28 10:44:15.073968,0 days 00:14:11.158878,2.176702966554747,5.742455172373207,COMPLETE
95,0.5311379648207698,2026-02-28 10:44:15.074275,2026-02-28 10:58:25.344658,0 days 00:14:10.270383,-5.482736115533566,9.931062222348679,COMPLETE
96,1.8024814123181592,2026-02-28 10:58:25.344968,2026-02-28 11:12:34.065049,0 days 00:14:08.720081,-5.930517580052501,11.785983928391461,COMPLETE
97,159956727.46243057,2026-02-28 11:12:34.065358,2026-02-28 11:26:40.271019,0 days 00:14:06.205661,-7.697460420729499,9.453883954933847,COMPLETE
98,0.5694573711812633,2026-02-28 11:26:40.271330,2026-02-28 11:40:50.950093,0 days 00:14:10.678763,-5.426715048395613,12.739811159803283,COMPLETE
99,0.8918302695656011,2026-02-28 11:40:50.950405,2026-02-28 11:54:59.703352,0 days 00:14:08.752947,-3.261905419638268,14.350864987098984,COMPLETE
